<?xml version="1.0" encoding="UTF-8"?>
<testng-results skipped="0" failed="0" total="34" passed="34">
  <reporter-output>
  </reporter-output>
  <suite name="Test_CSATM_Sanity_Script" duration-ms="307597" started-at="2021-01-25T07:25:02Z" finished-at="2021-01-25T07:30:10Z">
    <groups>
    </groups>
    <test name="Sanity Test" duration-ms="307597" started-at="2021-01-25T07:25:02Z" finished-at="2021-01-25T07:30:10Z">
      <class name="tnm_review_main.CreateRequest">
        <test-method status="PASS" signature="setup()[pri:0, instance:tnm_review_main.CreateRequest@506e6d5e]" name="setup" is-config="true" duration-ms="7930" started-at="2021-01-25T12:55:02Z" finished-at="2021-01-25T12:55:10Z">
          <reporter-output>
          </reporter-output>
        </test-method> <!-- setup -->
        <test-method status="PASS" signature="RIPC_Login()[pri:0, instance:tnm_review_main.CreateRequest@506e6d5e]" name="RIPC_Login" duration-ms="44274" started-at="2021-01-25T12:55:10Z" finished-at="2021-01-25T12:55:54Z">
          <reporter-output>
          </reporter-output>
        </test-method> <!-- RIPC_Login -->
        <test-method status="PASS" signature="create_req()[pri:1, instance:tnm_review_main.CreateRequest@506e6d5e]" name="create_req" duration-ms="4031" started-at="2021-01-25T12:55:54Z" finished-at="2021-01-25T12:55:58Z">
          <reporter-output>
          </reporter-output>
        </test-method> <!-- create_req -->
        <test-method status="PASS" signature="skill_req()[pri:2, instance:tnm_review_main.CreateRequest@506e6d5e]" name="skill_req" duration-ms="2081" started-at="2021-01-25T12:55:58Z" finished-at="2021-01-25T12:56:00Z">
          <reporter-output>
          </reporter-output>
        </test-method> <!-- skill_req -->
        <test-method status="PASS" signature="select_requestor()[pri:4, instance:tnm_review_main.CreateRequest@506e6d5e]" name="select_requestor" duration-ms="20902" started-at="2021-01-25T12:56:00Z" finished-at="2021-01-25T12:56:21Z">
          <reporter-output>
          </reporter-output>
        </test-method> <!-- select_requestor -->
        <test-method status="PASS" signature="select_jrss()[pri:5, instance:tnm_review_main.CreateRequest@506e6d5e]" name="select_jrss" duration-ms="5277" started-at="2021-01-25T12:56:21Z" finished-at="2021-01-25T12:56:27Z">
          <reporter-output>
          </reporter-output>
        </test-method> <!-- select_jrss -->
        <test-method status="PASS" signature="req_details()[pri:6, instance:tnm_review_main.CreateRequest@506e6d5e]" name="req_details" duration-ms="10808" started-at="2021-01-25T12:56:27Z" finished-at="2021-01-25T12:56:37Z">
          <reporter-output>
          </reporter-output>
        </test-method> <!-- req_details -->
        <test-method status="PASS" signature="loc_details()[pri:7, instance:tnm_review_main.CreateRequest@506e6d5e]" name="loc_details" duration-ms="16175" started-at="2021-01-25T12:56:37Z" finished-at="2021-01-25T12:56:54Z">
          <reporter-output>
          </reporter-output>
        </test-method> <!-- loc_details -->
        <test-method status="PASS" signature="alert_call()[pri:8, instance:tnm_review_main.CreateRequest@506e6d5e]" name="alert_call" duration-ms="11" started-at="2021-01-25T12:56:54Z" finished-at="2021-01-25T12:56:54Z">
          <reporter-output>
          </reporter-output>
        </test-method> <!-- alert_call -->
        <test-method status="PASS" signature="rates_details()[pri:9, instance:tnm_review_main.CreateRequest@506e6d5e]" name="rates_details" duration-ms="6243" started-at="2021-01-25T12:56:54Z" finished-at="2021-01-25T12:57:00Z">
          <reporter-output>
          </reporter-output>
        </test-method> <!-- rates_details -->
        <test-method status="PASS" signature="sup_slection()[pri:10, instance:tnm_review_main.CreateRequest@506e6d5e]" name="sup_slection" duration-ms="14530" started-at="2021-01-25T12:57:00Z" finished-at="2021-01-25T12:57:14Z">
          <reporter-output>
          </reporter-output>
        </test-method> <!-- sup_slection -->
        <test-method status="PASS" signature="switching_insta()[pri:11, instance:tnm_review_main.CreateRequest@506e6d5e]" name="switching_insta" duration-ms="8565" started-at="2021-01-25T12:57:14Z" finished-at="2021-01-25T12:57:23Z">
          <reporter-output>
          </reporter-output>
        </test-method> <!-- switching_insta -->
        <test-method status="PASS" signature="create_req_GB()[pri:12, instance:tnm_review_main.CreateRequest@506e6d5e]" name="create_req_GB" duration-ms="870" started-at="2021-01-25T12:57:23Z" finished-at="2021-01-25T12:57:24Z">
          <reporter-output>
          </reporter-output>
        </test-method> <!-- create_req_GB -->
        <test-method status="PASS" signature="switch_cntry()[pri:13, instance:tnm_review_main.CreateRequest@506e6d5e]" name="switch_cntry" duration-ms="854" started-at="2021-01-25T12:57:24Z" finished-at="2021-01-25T12:57:25Z">
          <reporter-output>
          </reporter-output>
        </test-method> <!-- switch_cntry -->
        <test-method status="PASS" signature="skill_req_GB()[pri:14, instance:tnm_review_main.CreateRequest@506e6d5e]" name="skill_req_GB" duration-ms="1332" started-at="2021-01-25T12:57:25Z" finished-at="2021-01-25T12:57:26Z">
          <reporter-output>
          </reporter-output>
        </test-method> <!-- skill_req_GB -->
        <test-method status="PASS" signature="chang_requestor()[pri:15, instance:tnm_review_main.CreateRequest@506e6d5e]" name="chang_requestor" duration-ms="2830" started-at="2021-01-25T12:57:26Z" finished-at="2021-01-25T12:57:29Z">
          <reporter-output>
          </reporter-output>
        </test-method> <!-- chang_requestor -->
        <test-method status="PASS" signature="select_requestor_GB()[pri:16, instance:tnm_review_main.CreateRequest@506e6d5e]" name="select_requestor_GB" duration-ms="10394" started-at="2021-01-25T12:57:29Z" finished-at="2021-01-25T12:57:39Z">
          <reporter-output>
          </reporter-output>
        </test-method> <!-- select_requestor_GB -->
        <test-method status="PASS" signature="select_jrss_GB()[pri:17, instance:tnm_review_main.CreateRequest@506e6d5e]" name="select_jrss_GB" duration-ms="5071" started-at="2021-01-25T12:57:39Z" finished-at="2021-01-25T12:57:44Z">
          <reporter-output>
          </reporter-output>
        </test-method> <!-- select_jrss_GB -->
        <test-method status="PASS" signature="req_details_GB()[pri:18, instance:tnm_review_main.CreateRequest@506e6d5e]" name="req_details_GB" duration-ms="11312" started-at="2021-01-25T12:57:44Z" finished-at="2021-01-25T12:57:56Z">
          <reporter-output>
          </reporter-output>
        </test-method> <!-- req_details_GB -->
        <test-method status="PASS" signature="loc_details_GB()[pri:19, instance:tnm_review_main.CreateRequest@506e6d5e]" name="loc_details_GB" duration-ms="10263" started-at="2021-01-25T12:57:56Z" finished-at="2021-01-25T12:58:06Z">
          <reporter-output>
          </reporter-output>
        </test-method> <!-- loc_details_GB -->
        <test-method status="PASS" signature="alert_call_GB()[pri:20, instance:tnm_review_main.CreateRequest@506e6d5e]" name="alert_call_GB" duration-ms="8" started-at="2021-01-25T12:58:06Z" finished-at="2021-01-25T12:58:06Z">
          <reporter-output>
          </reporter-output>
        </test-method> <!-- alert_call_GB -->
        <test-method status="PASS" signature="rates_details_GB()[pri:21, instance:tnm_review_main.CreateRequest@506e6d5e]" name="rates_details_GB" duration-ms="6587" started-at="2021-01-25T12:58:06Z" finished-at="2021-01-25T12:58:13Z">
          <reporter-output>
          </reporter-output>
        </test-method> <!-- rates_details_GB -->
        <test-method status="PASS" signature="sup_slection_GB()[pri:22, instance:tnm_review_main.CreateRequest@506e6d5e]" name="sup_slection_GB" duration-ms="12948" started-at="2021-01-25T12:58:13Z" finished-at="2021-01-25T12:58:25Z">
          <reporter-output>
          </reporter-output>
        </test-method> <!-- sup_slection_GB -->
        <test-method status="PASS" signature="switching_inst_US()[pri:23, instance:tnm_review_main.CreateRequest@506e6d5e]" name="switching_inst_US" duration-ms="5929" started-at="2021-01-25T12:58:25Z" finished-at="2021-01-25T12:58:31Z">
          <reporter-output>
          </reporter-output>
        </test-method> <!-- switching_inst_US -->
        <test-method status="PASS" signature="create_req_US()[pri:24, instance:tnm_review_main.CreateRequest@506e6d5e]" name="create_req_US" duration-ms="22166" started-at="2021-01-25T12:58:31Z" finished-at="2021-01-25T12:58:54Z">
          <reporter-output>
          </reporter-output>
        </test-method> <!-- create_req_US -->
        <test-method status="PASS" signature="switch_cntry_US()[pri:25, instance:tnm_review_main.CreateRequest@506e6d5e]" name="switch_cntry_US" duration-ms="1032" started-at="2021-01-25T12:58:54Z" finished-at="2021-01-25T12:58:55Z">
          <reporter-output>
          </reporter-output>
        </test-method> <!-- switch_cntry_US -->
        <test-method status="PASS" signature="skill_req_US()[pri:26, instance:tnm_review_main.CreateRequest@506e6d5e]" name="skill_req_US" duration-ms="1210" started-at="2021-01-25T12:58:55Z" finished-at="2021-01-25T12:58:56Z">
          <reporter-output>
          </reporter-output>
        </test-method> <!-- skill_req_US -->
        <test-method status="PASS" signature="chang_requestor_US()[pri:27, instance:tnm_review_main.CreateRequest@506e6d5e]" name="chang_requestor_US" duration-ms="4139" started-at="2021-01-25T12:58:56Z" finished-at="2021-01-25T12:59:00Z">
          <reporter-output>
          </reporter-output>
        </test-method> <!-- chang_requestor_US -->
        <test-method status="PASS" signature="select_requestor_US()[pri:28, instance:tnm_review_main.CreateRequest@506e6d5e]" name="select_requestor_US" duration-ms="26548" started-at="2021-01-25T12:59:00Z" finished-at="2021-01-25T12:59:26Z">
          <reporter-output>
          </reporter-output>
        </test-method> <!-- select_requestor_US -->
        <test-method status="PASS" signature="select_jrss_US()[pri:29, instance:tnm_review_main.CreateRequest@506e6d5e]" name="select_jrss_US" duration-ms="5559" started-at="2021-01-25T12:59:26Z" finished-at="2021-01-25T12:59:32Z">
          <reporter-output>
          </reporter-output>
        </test-method> <!-- select_jrss_US -->
        <test-method status="PASS" signature="req_details_US()[pri:30, instance:tnm_review_main.CreateRequest@506e6d5e]" name="req_details_US" duration-ms="11700" started-at="2021-01-25T12:59:32Z" finished-at="2021-01-25T12:59:44Z">
          <reporter-output>
          </reporter-output>
        </test-method> <!-- req_details_US -->
        <test-method status="PASS" signature="loc_details_US()[pri:31, instance:tnm_review_main.CreateRequest@506e6d5e]" name="loc_details_US" duration-ms="8910" started-at="2021-01-25T12:59:44Z" finished-at="2021-01-25T12:59:53Z">
          <reporter-output>
          </reporter-output>
        </test-method> <!-- loc_details_US -->
        <test-method status="PASS" signature="alert_call_US()[pri:32, instance:tnm_review_main.CreateRequest@506e6d5e]" name="alert_call_US" duration-ms="8" started-at="2021-01-25T12:59:53Z" finished-at="2021-01-25T12:59:53Z">
          <reporter-output>
          </reporter-output>
        </test-method> <!-- alert_call_US -->
        <test-method status="PASS" signature="rates_details_US()[pri:33, instance:tnm_review_main.CreateRequest@506e6d5e]" name="rates_details_US" duration-ms="6699" started-at="2021-01-25T12:59:53Z" finished-at="2021-01-25T12:59:59Z">
          <reporter-output>
          </reporter-output>
        </test-method> <!-- rates_details_US -->
        <test-method status="PASS" signature="sup_slection_US()[pri:34, instance:tnm_review_main.CreateRequest@506e6d5e]" name="sup_slection_US" duration-ms="10379" started-at="2021-01-25T12:59:59Z" finished-at="2021-01-25T13:00:10Z">
          <reporter-output>
          </reporter-output>
        </test-method> <!-- sup_slection_US -->
      </class> <!-- tnm_review_main.CreateRequest -->
    </test> <!-- Sanity Test -->
  </suite> <!-- Test_CSATM_Sanity_Script -->
</testng-results>
