<?xml version="1.0" encoding="UTF-8"?>
<testsuite xmlns:xsi="http://www.w3.org/2001/XMLSchema-instance" xsi:schemaLocation="https://maven.apache.org/surefire/maven-surefire-plugin/xsd/surefire-test-report.xsd" name="TestSuite" time="308.149" tests="34" errors="0" skipped="0" failures="0">
  <properties>
[...]
</properties>
  <testcase name="RIPC_Login" classname="tnm_review_main.CreateRequest" time="44.275"/>
  <testcase name="create_req" classname="tnm_review_main.CreateRequest" time="4.029"/>
  <testcase name="skill_req" classname="tnm_review_main.CreateRequest" time="2.082"/>
  <testcase name="select_requestor" classname="tnm_review_main.CreateRequest" time="20.902"/>
  <testcase name="select_jrss" classname="tnm_review_main.CreateRequest" time="5.277"/>
  <testcase name="req_details" classname="tnm_review_main.CreateRequest" time="10.809"/>
  <testcase name="loc_details" classname="tnm_review_main.CreateRequest" time="16.174"/>
  <testcase name="alert_call" classname="tnm_review_main.CreateRequest" time="0.011"/>
  <testcase name="rates_details" classname="tnm_review_main.CreateRequest" time="6.243"/>
  <testcase name="sup_slection" classname="tnm_review_main.CreateRequest" time="14.53"/>
  <testcase name="switching_insta" classname="tnm_review_main.CreateRequest" time="8.564"/>
  <testcase name="create_req_GB" classname="tnm_review_main.CreateRequest" time="0.87"/>
  <testcase name="switch_cntry" classname="tnm_review_main.CreateRequest" time="0.853"/>
  <testcase name="skill_req_GB" classname="tnm_review_main.CreateRequest" time="1.332"/>
  <testcase name="chang_requestor" classname="tnm_review_main.CreateRequest" time="2.831"/>
  <testcase name="select_requestor_GB" classname="tnm_review_main.CreateRequest" time="10.395"/>
  <testcase name="select_jrss_GB" classname="tnm_review_main.CreateRequest" time="5.071"/>
  <testcase name="req_details_GB" classname="tnm_review_main.CreateRequest" time="11.311"/>
  <testcase name="loc_details_GB" classname="tnm_review_main.CreateRequest" time="10.264"/>
  <testcase name="alert_call_GB" classname="tnm_review_main.CreateRequest" time="0.008"/>
  <testcase name="rates_details_GB" classname="tnm_review_main.CreateRequest" time="6.587"/>
  <testcase name="sup_slection_GB" classname="tnm_review_main.CreateRequest" time="12.948"/>
  <testcase name="switching_inst_US" classname="tnm_review_main.CreateRequest" time="5.93"/>
  <testcase name="create_req_US" classname="tnm_review_main.CreateRequest" time="22.166"/>
  <testcase name="switch_cntry_US" classname="tnm_review_main.CreateRequest" time="1.033"/>
  <testcase name="skill_req_US" classname="tnm_review_main.CreateRequest" time="1.21"/>
  <testcase name="chang_requestor_US" classname="tnm_review_main.CreateRequest" time="4.14"/>
  <testcase name="select_requestor_US" classname="tnm_review_main.CreateRequest" time="26.549"/>
  <testcase name="select_jrss_US" classname="tnm_review_main.CreateRequest" time="5.558"/>
  <testcase name="req_details_US" classname="tnm_review_main.CreateRequest" time="11.7"/>
  <testcase name="loc_details_US" classname="tnm_review_main.CreateRequest" time="8.909"/>
  <testcase name="alert_call_US" classname="tnm_review_main.CreateRequest" time="0.009"/>
  <testcase name="rates_details_US" classname="tnm_review_main.CreateRequest" time="6.7"/>
  <testcase name="sup_slection_US" classname="tnm_review_main.CreateRequest" time="10.38"/>
</testsuite>