<?xml version="1.0" encoding="UTF-8"?>
<!-- Generated by org.testng.reporters.JUnitXMLReporter -->
<testsuite hostname="DESKTOP-GAEG9SK" ignored="0" name="ShakeDownTest" tests="16" failures="1" timestamp="01 Dec 2020 06:42:50 GMT" time="558.058" errors="0">
  <testcase name="RIPC_Login" time="14.041" classname="shakeDown_US_main.Shakedown_CreateReq_AddResp"/>
  <testcase name="Create_Req" time="49.763" classname="shakeDown_US_main.Shakedown_CreateReq_AddResp"/>
  <testcase name="skill_Req" time="4.662" classname="shakeDown_US_main.Shakedown_CreateReq_AddResp"/>
  <testcase name="select_Req" time="23.076" classname="shakeDown_US_main.Shakedown_CreateReq_AddResp"/>
  <testcase name="select_jrss" time="6.152" classname="shakeDown_US_main.Shakedown_CreateReq_AddResp"/>
  <testcase name="req_detail" time="15.703" classname="shakeDown_US_main.Shakedown_CreateReq_AddResp"/>
  <testcase name="skill_loc" time="11.756" classname="shakeDown_US_main.Shakedown_CreateReq_AddResp"/>
  <testcase name="alert_check" time="0.016" classname="shakeDown_US_main.Shakedown_CreateReq_AddResp"/>
  <testcase name="skill_price" time="10.903" classname="shakeDown_US_main.Shakedown_CreateReq_AddResp"/>
  <testcase name="supp" time="28.804" classname="shakeDown_US_main.Shakedown_CreateReq_AddResp"/>
  <testcase name="OpenNewGreen" time="14.063" classname="shakeDown_US_main.Shakedown_CreateReq_AddResp"/>
  <testcase name="add_response" time="97.696" classname="shakeDown_US_main.Shakedown_CreateReq_AddResp"/>
  <testcase name="Withdraw" time="26.349" classname="shakeDown_US_main.Shakedown_CreateReq_AddResp"/>
  <testcase name="Reactivate" time="16.236" classname="shakeDown_US_main.Shakedown_CreateReq_AddResp"/>
  <testcase name="Resubmit" time="40.515" classname="shakeDown_US_main.Shakedown_CreateReq_AddResp"/>
  <testcase name="Reprice" time="180.539" classname="shakeDown_US_main.Shakedown_CreateReq_AddResp">
    <failure type="org.openqa.selenium.TimeoutException" message="Expected condition failed: waiting for visibility of [[FirefoxDriver: firefox on WINDOWS (cb4a33db-5252-4cd2-8243-ab34a331bbb5)] -&amp;gt; xpath: //input[@formcontrolname=&amp;apos;straightTimeBillRate&amp;apos;]] (tried for 160 second(s) with 500 milliseconds interval)
Build info: version: &amp;apos;3.141.59&amp;apos;, revision: &amp;apos;e82be7d358&amp;apos;, time: &amp;apos;2018-11-14T08:17:03&amp;apos;
System info: host: &amp;apos;DESKTOP-GAEG9SK&amp;apos;, ip: &amp;apos;9.102.36.176&amp;apos;, os.name: &amp;apos;Windows 10&amp;apos;, os.arch: &amp;apos;amd64&amp;apos;, os.version: &amp;apos;10.0&amp;apos;, java.version: &amp;apos;1.8.0_221&amp;apos;
Driver info: org.openqa.selenium.firefox.FirefoxDriver
Capabilities {acceptInsecureCerts: true, browserName: firefox, browserVersion: 72.0.2, javascriptEnabled: true, moz:accessibilityChecks: false, moz:buildID: 20200117190643, moz:geckodriverVersion: 0.26.0, moz:headless: true, moz:processID: 35352, moz:profile: C:\Users\SanjayKushwaha\App..., moz:shutdownTimeout: 60000, moz:useNonSpecCompliantPointerOrigin: false, moz:webdriverClick: true, pageLoadStrategy: normal, platform: WINDOWS, platformName: WINDOWS, platformVersion: 10.0, rotatable: false, setWindowRect: true, strictFileInteractability: false, timeouts: {implicit: 0, pageLoad: 300000, script: 30000}, unhandledPromptBehavior: dismiss and notify}
Session ID: cb4a33db-5252-4cd2-8243-ab34a331bbb5">
      <![CDATA[org.openqa.selenium.TimeoutException: Expected condition failed: waiting for visibility of [[FirefoxDriver: firefox on WINDOWS (cb4a33db-5252-4cd2-8243-ab34a331bbb5)] -> xpath: //input[@formcontrolname='straightTimeBillRate']] (tried for 160 second(s) with 500 milliseconds interval)
Build info: version: '3.141.59', revision: 'e82be7d358', time: '2018-11-14T08:17:03'
System info: host: 'DESKTOP-GAEG9SK', ip: '9.102.36.176', os.name: 'Windows 10', os.arch: 'amd64', os.version: '10.0', java.version: '1.8.0_221'
Driver info: org.openqa.selenium.firefox.FirefoxDriver
Capabilities {acceptInsecureCerts: true, browserName: firefox, browserVersion: 72.0.2, javascriptEnabled: true, moz:accessibilityChecks: false, moz:buildID: 20200117190643, moz:geckodriverVersion: 0.26.0, moz:headless: true, moz:processID: 35352, moz:profile: C:\Users\SanjayKushwaha\App..., moz:shutdownTimeout: 60000, moz:useNonSpecCompliantPointerOrigin: false, moz:webdriverClick: true, pageLoadStrategy: normal, platform: WINDOWS, platformName: WINDOWS, platformVersion: 10.0, rotatable: false, setWindowRect: true, strictFileInteractability: false, timeouts: {implicit: 0, pageLoad: 300000, script: 30000}, unhandledPromptBehavior: dismiss and notify}
Session ID: cb4a33db-5252-4cd2-8243-ab34a331bbb5
	at org.openqa.selenium.support.ui.WebDriverWait.timeoutException(WebDriverWait.java:95)
	at org.openqa.selenium.support.ui.FluentWait.until(FluentWait.java:272)
	at shakeDown_US.Step02_AddResponse_US_NewApp.Reprice(Step02_AddResponse_US_NewApp.java:520)
	at shakeDown_US_main.Shakedown_CreateReq_AddResp.Reprice(Shakedown_CreateReq_AddResp.java:211)
... Removed 25 stack frames]]>
    </failure>
  </testcase> <!-- Reprice -->
</testsuite> <!-- ShakeDownTest -->
